BuildTools/WebviewVideo-master1/app/build/intermediates/manifest_merge_blame_file/release/manifest-merger-blame-release-report.txt
1<?xml version="1.0" encoding="utf-8"?>
2<manifest xmlns:android="http://schemas.android.com/apk/res/android"
3    package="com.example.databasefiletest"
4    android:versionCode="1"
5    android:versionName="1.0" >
6
7    <uses-sdk
8        android:minSdkVersion="24"
8-->src\main\AndroidManifest.xml
9        android:targetSdkVersion="29" />
9-->src\main\AndroidManifest.xml
10
11    <uses-permission android:name="android.permission.INTERNET" />
11-->src\main\AndroidManifest.xml:7:5-66
11-->src\main\AndroidManifest.xml:7:22-64
12
13    <application
13-->src\main\AndroidManifest.xml:8:5-26:19
14        android:extractNativeLibs="true"
14-->src\main\AndroidManifest.xml:10:13-45
15        android:hardwareAccelerated="true"
15-->src\main\AndroidManifest.xml:9:13-47
16        android:icon="@drawable/ic_launcher"
16-->src\main\AndroidManifest.xml:8:51-87
17        android:label="@string/app_name"
17-->src\main\AndroidManifest.xml:8:18-50
18        android:networkSecurityConfig="@xml/network_security_config" >
18-->src\main\AndroidManifest.xml:11:9-69
19        <activity
19-->src\main\AndroidManifest.xml:16:9-25:20
20            android:name="com.example.webview.MyActivity"
20-->src\main\AndroidManifest.xml:16:19-44
21            android:configChanges="orientation|keyboardHidden"
21-->src\main\AndroidManifest.xml:17:19-69
22            android:hardwareAccelerated="true"
22-->src\main\AndroidManifest.xml:18:19-53
23            android:label="@string/app_name"
23-->src\main\AndroidManifest.xml:19:19-51
24            android:theme="@android:style/Theme.NoTitleBar.Fullscreen" >
24-->src\main\AndroidManifest.xml:20:19-77
25            <intent-filter>
25-->src\main\AndroidManifest.xml:21:13-24:29
26                <action android:name="android.intent.action.MAIN" />
26-->src\main\AndroidManifest.xml:22:17-68
26-->src\main\AndroidManifest.xml:22:25-66
27
28                <category android:name="android.intent.category.LAUNCHER" />
28-->src\main\AndroidManifest.xml:23:17-76
28-->src\main\AndroidManifest.xml:23:27-74
29            </intent-filter>
30        </activity>
31    </application>
32
33</manifest>